  main.cpp
C:\Users\Queen Anne's Revange\Desktop\FSU\Computer Graphics c++\First Week\Lab 1\Computer_Graphics_A1\main.cpp(121,97): warning C4244: 'argument': conversion from 'double' to 'unsigned int', possible loss of data
C:\Users\Queen Anne's Revange\Desktop\FSU\Computer Graphics c++\First Week\Lab 1\Computer_Graphics_A1\main.cpp(121,75): warning C4244: 'argument': conversion from 'double' to 'unsigned int', possible loss of data
C:\Users\Queen Anne's Revange\Desktop\FSU\Computer Graphics c++\First Week\Lab 1\Computer_Graphics_A1\main.cpp(239,36): warning C4244: 'argument': conversion from 'unsigned int' to 'float', possible loss of data
C:\Users\Queen Anne's Revange\Desktop\FSU\Computer Graphics c++\First Week\Lab 1\Computer_Graphics_A1\main.cpp(239,33): warning C4244: 'argument': conversion from 'unsigned int' to 'float', possible loss of data
C:\Users\Queen Anne's Revange\Desktop\FSU\Computer Graphics c++\First Week\Lab 1\Computer_Graphics_A1\main.cpp(239,21): warning C4244: 'initializing': conversion from 'float' to 'unsigned int', possible loss of data
C:\Users\Queen Anne's Revange\Desktop\FSU\Computer Graphics c++\First Week\Lab 1\Computer_Graphics_A1\main.cpp(240,36): warning C4244: 'argument': conversion from 'unsigned int' to 'float', possible loss of data
C:\Users\Queen Anne's Revange\Desktop\FSU\Computer Graphics c++\First Week\Lab 1\Computer_Graphics_A1\main.cpp(240,33): warning C4244: 'argument': conversion from 'unsigned int' to 'float', possible loss of data
C:\Users\Queen Anne's Revange\Desktop\FSU\Computer Graphics c++\First Week\Lab 1\Computer_Graphics_A1\main.cpp(240,21): warning C4244: 'initializing': conversion from 'float' to 'unsigned int', possible loss of data
C:\Users\Queen Anne's Revange\Desktop\FSU\Computer Graphics c++\First Week\Lab 1\Computer_Graphics_A1\main.cpp(241,36): warning C4244: 'argument': conversion from 'unsigned int' to 'float', possible loss of data
C:\Users\Queen Anne's Revange\Desktop\FSU\Computer Graphics c++\First Week\Lab 1\Computer_Graphics_A1\main.cpp(241,33): warning C4244: 'argument': conversion from 'unsigned int' to 'float', possible loss of data
C:\Users\Queen Anne's Revange\Desktop\FSU\Computer Graphics c++\First Week\Lab 1\Computer_Graphics_A1\main.cpp(241,21): warning C4244: 'initializing': conversion from 'float' to 'unsigned int', possible loss of data
C:\Users\Queen Anne's Revange\Desktop\FSU\Computer Graphics c++\First Week\Lab 1\Computer_Graphics_A1\main.cpp(242,36): warning C4244: 'argument': conversion from 'unsigned int' to 'float', possible loss of data
C:\Users\Queen Anne's Revange\Desktop\FSU\Computer Graphics c++\First Week\Lab 1\Computer_Graphics_A1\main.cpp(242,33): warning C4244: 'argument': conversion from 'unsigned int' to 'float', possible loss of data
C:\Users\Queen Anne's Revange\Desktop\FSU\Computer Graphics c++\First Week\Lab 1\Computer_Graphics_A1\main.cpp(242,21): warning C4244: 'initializing': conversion from 'float' to 'unsigned int', possible loss of data
  RasterSurface.cpp
C:\Users\Queen Anne's Revange\Desktop\FSU\Computer Graphics c++\First Week\Lab 1\Computer_Graphics_A1\RasterSurface.cpp(111,29): warning C4838: conversion from 'unsigned int' to 'LONG' requires a narrowing conversion
C:\Users\Queen Anne's Revange\Desktop\FSU\Computer Graphics c++\First Week\Lab 1\Computer_Graphics_A1\RasterSurface.cpp(111,37): warning C4838: conversion from 'unsigned int' to 'LONG' requires a narrowing conversion
  XTime.cpp
  Generating code
  Previous IPDB not found, fall back to full compilation.
  All 286 functions were compiled because no usable IPDB/IOBJ from previous compilation was found.
  Finished generating code
  Computer_Graphics_A1.vcxproj -> C:\Users\Queen Anne's Revange\Desktop\FSU\Computer Graphics c++\First Week\Lab 1\Computer_Graphics_A1\x64\Release\Computer_Graphics_A1.exe
